  projekt 1.cpp
C:\Users\Admin\source\repos\projekt 1\projekt 1\projekt 1.cpp(139,9): error C2371: client: переопределение; различные базовые типы
      C:\Users\Admin\source\repos\projekt 1\projekt 1\projekt 1.cpp(138,11):
       см. объявление "client"
  
C:\Users\Admin\source\repos\projekt 1\projekt 1\projekt 1.cpp(144,6): error C2088: встроенный оператор ">>" не может быть применен к операнду типа "std::istream"
C:\Users\Admin\source\repos\projekt 1\projekt 1\projekt 1.cpp(149,14): error C2446: ==: нет преобразования "const char [9]" в "int"
      C:\Users\Admin\source\repos\projekt 1\projekt 1\projekt 1.cpp(149,17):
      Не существует контекста, в котором такое преобразование возможно
  
C:\Users\Admin\source\repos\projekt 1\projekt 1\projekt 1.cpp(153,3): error C2143: синтаксическая ошибка: отсутствие ";" перед "}"
C:\Users\Admin\source\repos\projekt 1\projekt 1\projekt 1.cpp(154,14): error C2446: ==: нет преобразования "const char [8]" в "int"
      C:\Users\Admin\source\repos\projekt 1\projekt 1\projekt 1.cpp(154,17):
      Не существует контекста, в котором такое преобразование возможно
  
C:\Users\Admin\source\repos\projekt 1\projekt 1\projekt 1.cpp(158,3): error C2143: синтаксическая ошибка: отсутствие ";" перед "}"
C:\Users\Admin\source\repos\projekt 1\projekt 1\projekt 1.cpp(159,14): error C2446: ==: нет преобразования "const char [8]" в "int"
      C:\Users\Admin\source\repos\projekt 1\projekt 1\projekt 1.cpp(159,17):
      Не существует контекста, в котором такое преобразование возможно
  
C:\Users\Admin\source\repos\projekt 1\projekt 1\projekt 1.cpp(163,3): error C2143: синтаксическая ошибка: отсутствие ";" перед "}"
C:\Users\Admin\source\repos\projekt 1\projekt 1\projekt 1.cpp(164,14): error C2446: ==: нет преобразования "const char [7]" в "int"
      C:\Users\Admin\source\repos\projekt 1\projekt 1\projekt 1.cpp(164,17):
      Не существует контекста, в котором такое преобразование возможно
  
C:\Users\Admin\source\repos\projekt 1\projekt 1\projekt 1.cpp(168,3): error C2143: синтаксическая ошибка: отсутствие ";" перед "}"
C:\Users\Admin\source\repos\projekt 1\projekt 1\projekt 1.cpp(171,14): error C2446: ==: нет преобразования "const char [9]" в "int"
      C:\Users\Admin\source\repos\projekt 1\projekt 1\projekt 1.cpp(171,17):
      Не существует контекста, в котором такое преобразование возможно
  
C:\Users\Admin\source\repos\projekt 1\projekt 1\projekt 1.cpp(175,3): error C2143: синтаксическая ошибка: отсутствие ";" перед "}"
C:\Users\Admin\source\repos\projekt 1\projekt 1\projekt 1.cpp(176,14): error C2446: ==: нет преобразования "const char [8]" в "int"
      C:\Users\Admin\source\repos\projekt 1\projekt 1\projekt 1.cpp(176,17):
      Не существует контекста, в котором такое преобразование возможно
  
C:\Users\Admin\source\repos\projekt 1\projekt 1\projekt 1.cpp(180,3): error C2143: синтаксическая ошибка: отсутствие ";" перед "}"
C:\Users\Admin\source\repos\projekt 1\projekt 1\projekt 1.cpp(181,14): error C2446: ==: нет преобразования "const char [8]" в "int"
      C:\Users\Admin\source\repos\projekt 1\projekt 1\projekt 1.cpp(181,17):
      Не существует контекста, в котором такое преобразование возможно
  
C:\Users\Admin\source\repos\projekt 1\projekt 1\projekt 1.cpp(185,3): error C2143: синтаксическая ошибка: отсутствие ";" перед "}"
C:\Users\Admin\source\repos\projekt 1\projekt 1\projekt 1.cpp(186,14): error C2446: ==: нет преобразования "const char [7]" в "int"
      C:\Users\Admin\source\repos\projekt 1\projekt 1\projekt 1.cpp(186,17):
      Не существует контекста, в котором такое преобразование возможно
  
C:\Users\Admin\source\repos\projekt 1\projekt 1\projekt 1.cpp(190,3): error C2143: синтаксическая ошибка: отсутствие ";" перед "}"
C:\Users\Admin\source\repos\projekt 1\projekt 1\projekt 1.cpp(193,14): error C2446: ==: нет преобразования "const char [9]" в "int"
      C:\Users\Admin\source\repos\projekt 1\projekt 1\projekt 1.cpp(193,17):
      Не существует контекста, в котором такое преобразование возможно
  
C:\Users\Admin\source\repos\projekt 1\projekt 1\projekt 1.cpp(197,3): error C2143: синтаксическая ошибка: отсутствие ";" перед "}"
C:\Users\Admin\source\repos\projekt 1\projekt 1\projekt 1.cpp(198,14): error C2446: ==: нет преобразования "const char [8]" в "int"
      C:\Users\Admin\source\repos\projekt 1\projekt 1\projekt 1.cpp(198,17):
      Не существует контекста, в котором такое преобразование возможно
  
C:\Users\Admin\source\repos\projekt 1\projekt 1\projekt 1.cpp(202,3): error C2143: синтаксическая ошибка: отсутствие ";" перед "}"
C:\Users\Admin\source\repos\projekt 1\projekt 1\projekt 1.cpp(203,14): error C2446: ==: нет преобразования "const char [8]" в "int"
      C:\Users\Admin\source\repos\projekt 1\projekt 1\projekt 1.cpp(203,17):
      Не существует контекста, в котором такое преобразование возможно
  
C:\Users\Admin\source\repos\projekt 1\projekt 1\projekt 1.cpp(207,3): error C2143: синтаксическая ошибка: отсутствие ";" перед "}"
C:\Users\Admin\source\repos\projekt 1\projekt 1\projekt 1.cpp(208,14): error C2446: ==: нет преобразования "const char [7]" в "int"
      C:\Users\Admin\source\repos\projekt 1\projekt 1\projekt 1.cpp(208,17):
      Не существует контекста, в котором такое преобразование возможно
  
C:\Users\Admin\source\repos\projekt 1\projekt 1\projekt 1.cpp(212,3): error C2143: синтаксическая ошибка: отсутствие ";" перед "}"
